<?xml version="1.0" encoding="UTF-8"?>
<!-- Generated by org.testng.reporters.JUnitReportReporter -->
<testsuite hostname="REM-LT-210215B" failures="0" tests="2" name="com.unosquare.FirstAPiTest" time="4.685" errors="0" timestamp="2022-12-27T14:17:39 CST" skipped="0">
  <testcase classname="com.unosquare.FirstAPiTest" name="post_exercise2" time="0.575"/>
  <system-out>
    <![CDATA[Request parameters: {"name":"UserTwoHere","job":"UserTwoJob"}
Response Body: {"name":"UserTwoHere","job":"UserTwoJob","id":"477","createdAt":"2022-12-27T20:15:07.287Z"}
Status code: 201
URL used for this script: [https://reqres.in/api]]]>
  </system-out>
  <testcase classname="com.unosquare.FirstAPiTest" name="post_exercise" time="4.110"/>
  <system-out>
    <![CDATA[Request parameters: {"name":"UserOneHere","job":"UserOneJob"}
Response Body: {"name":"UserOneHere","job":"UserOneJob","id":"329","createdAt":"2022-12-27T20:15:06.564Z"}
Status code: 201
URL used for this script: [https://reqres.in/api]]]>
  </system-out>
</testsuite> <!-- com.unosquare.FirstAPiTest -->
