<?xml version="1.0" encoding="UTF-8"?>
<!-- Generated by org.testng.reporters.JUnitReportReporter -->
<testsuite hostname="REM-LT-210215B" failures="0" tests="9" name="com.unosquare.APiCalls" time="10.554" errors="0" timestamp="2022-12-29T13:28:37 CST" skipped="0">
  <testcase classname="com.unosquare.APiCalls" name="getCall1" time="4.979"/>
  <system-out>
    <![CDATA[Sucess 200 validation]]>
  </system-out>
  <testcase classname="com.unosquare.APiCalls" name="postCall1Create" time="0.733"/>
  <system-out>
    <![CDATA[Request parameters: {"name":"UserOneHere","job":"UserOneJob"}
Response Body: {"name":"UserOneHere","job":"UserOneJob","id":"159","createdAt":"2022-12-29T19:26:00.942Z"}
Status code: 201
URL used for this script: [https://reqres.in/api/users]]]>
  </system-out>
  <testcase classname="com.unosquare.APiCalls" name="postCall2Register" time="0.665"/>
  <system-out>
    <![CDATA[Request parameters: {"password":"pistol","email":"eve.holt@reqres.in"}
Response Body: {"id":4,"token":"QpwL5tke4Pnpja7X4"}
Status code: 200
URL used for this script: [https://reqres.in/api/register]]]>
  </system-out>
  <testcase classname="com.unosquare.APiCalls" name="getCall2" time="0.756"/>
  <system-out>
    <![CDATA[Sucess 200 validation]]>
  </system-out>
  <testcase classname="com.unosquare.APiCalls" name="getCall4" time="1.058"/>
  <system-out>
    <![CDATA[Sucess 200 validation]]>
  </system-out>
  <testcase classname="com.unosquare.APiCalls" name="postCall3RegisterFailed" time="0.601"/>
  <system-out>
    <![CDATA[Request parameters: {"email":"eve.holt@reqres.in"}
Response Body: {"error":"Missing password"}
Expected code for this test is 400.
Status code: 400
URL used for this script: [https://reqres.in/api/register]]]>
  </system-out>
  <testcase classname="com.unosquare.APiCalls" name="postCall4Login" time="0.519"/>
  <system-out>
    <![CDATA[Request parameters: {"password":"cityslicka","email":"eve.holt@reqres.in"}
Response Body: {"token":"QpwL5tke4Pnpja7X4"}
Status code: 200
URL used for this script: [https://reqres.in/api/login]]]>
  </system-out>
  <testcase classname="com.unosquare.APiCalls" name="putCall1Update" time="0.537"/>
  <system-out>
    <![CDATA[Request parameters: {"name":"UserOneHere","job":"UserOneJob"}
Response Body: {"name":"UserOneHere","job":"UserOneJob","updatedAt":"2022-12-29T19:26:03.295Z"}
Status code: 200
URL used for this script: [https://reqres.in/api]]]>
  </system-out>
  <testcase classname="com.unosquare.APiCalls" name="getCall3" time="0.706"/>
  <system-out>
    <![CDATA[Sucess 200 validation]]>
  </system-out>
</testsuite> <!-- com.unosquare.APiCalls -->
